This is pdfTeX, Version 3.14159265-2.6-1.40.17 (TeX Live 2016/Debian) (preloaded format=pdflatex 2017.12.18)  20 DEC 2017 16:26
entering extended mode
 restricted \write18 enabled.
 %&-line parsing enabled.
**report.tex
(./report.tex
LaTeX2e <2016/03/31> patch level 3
Babel <3.9r> and hyphenation patterns for 3 language(s) loaded.
(/usr/share/texlive/texmf-dist/tex/latex/base/book.cls
Document Class: book 2014/09/29 v1.4h Standard LaTeX document class
(/usr/share/texlive/texmf-dist/tex/latex/base/bk11.clo
File: bk11.clo 2014/09/29 v1.4h Standard LaTeX file (size option)
)
\c@part=\count79
\c@chapter=\count80
\c@section=\count81
\c@subsection=\count82
\c@subsubsection=\count83
\c@paragraph=\count84
\c@subparagraph=\count85
\c@figure=\count86
\c@table=\count87
\abovecaptionskip=\skip41
\belowcaptionskip=\skip42
\bibindent=\dimen102
)
(/usr/share/texlive/texmf-dist/tex/latex/graphics/graphicx.sty
Package: graphicx 2014/10/28 v1.0g Enhanced LaTeX Graphics (DPC,SPQR)

(/usr/share/texlive/texmf-dist/tex/latex/graphics/keyval.sty
Package: keyval 2014/10/28 v1.15 key=value parser (DPC)
\KV@toks@=\toks14
)
(/usr/share/texlive/texmf-dist/tex/latex/graphics/graphics.sty
Package: graphics 2016/07/10 v1.0t Standard LaTeX Graphics (DPC,SPQR)

(/usr/share/texlive/texmf-dist/tex/latex/graphics/trig.sty
Package: trig 2016/01/03 v1.10 sin cos tan (DPC)
)
(/usr/share/texlive/texmf-dist/tex/latex/graphics-cfg/graphics.cfg
File: graphics.cfg 2016/06/04 v1.11 sample graphics configuration
)
Package graphics Info: Driver file: pdftex.def on input line 99.

(/usr/share/texlive/texmf-dist/tex/latex/graphics-def/pdftex.def
File: pdftex.def 2016/07/10 v0.06j Graphics/color for pdfTeX

(/usr/share/texlive/texmf-dist/tex/generic/oberdiek/infwarerr.sty
Package: infwarerr 2016/05/16 v1.4 Providing info/warning/error messages (HO)
)
(/usr/share/texlive/texmf-dist/tex/generic/oberdiek/ltxcmds.sty
Package: ltxcmds 2016/05/16 v1.23 LaTeX kernel commands for general use (HO)
)
\Gread@gobject=\count88
))
\Gin@req@height=\dimen103
\Gin@req@width=\dimen104
)
(/usr/share/texlive/texmf-dist/tex/latex/graphics/color.sty
Package: color 2016/07/10 v1.1e Standard LaTeX Color (DPC)

(/usr/share/texlive/texmf-dist/tex/latex/graphics-cfg/color.cfg
File: color.cfg 2016/01/02 v1.6 sample color configuration
)
Package color Info: Driver file: pdftex.def on input line 147.
)
(/usr/share/texlive/texmf-dist/tex/latex/amsfonts/amssymb.sty
Package: amssymb 2013/01/14 v3.01 AMS font symbols

(/usr/share/texlive/texmf-dist/tex/latex/amsfonts/amsfonts.sty
Package: amsfonts 2013/01/14 v3.01 Basic AMSFonts support
\@emptytoks=\toks15
\symAMSa=\mathgroup4
\symAMSb=\mathgroup5
LaTeX Font Info:    Overwriting math alphabet `\mathfrak' in version `bold'
(Font)                  U/euf/m/n --> U/euf/b/n on input line 106.
))
(/usr/share/texlive/texmf-dist/tex/latex/amsmath/amsmath.sty
Package: amsmath 2016/06/28 v2.15d AMS math features
\@mathmargin=\skip43

For additional information on amsmath, use the `?' option.
(/usr/share/texlive/texmf-dist/tex/latex/amsmath/amstext.sty
Package: amstext 2000/06/29 v2.01 AMS text

(/usr/share/texlive/texmf-dist/tex/latex/amsmath/amsgen.sty
File: amsgen.sty 1999/11/30 v2.0 generic functions
\@emptytoks=\toks16
\ex@=\dimen105
))
(/usr/share/texlive/texmf-dist/tex/latex/amsmath/amsbsy.sty
Package: amsbsy 1999/11/29 v1.2d Bold Symbols
\pmbraise@=\dimen106
)
(/usr/share/texlive/texmf-dist/tex/latex/amsmath/amsopn.sty
Package: amsopn 2016/03/08 v2.02 operator names
)
\inf@bad=\count89
LaTeX Info: Redefining \frac on input line 199.
\uproot@=\count90
\leftroot@=\count91
LaTeX Info: Redefining \overline on input line 297.
\classnum@=\count92
\DOTSCASE@=\count93
LaTeX Info: Redefining \ldots on input line 394.
LaTeX Info: Redefining \dots on input line 397.
LaTeX Info: Redefining \cdots on input line 518.
\Mathstrutbox@=\box26
\strutbox@=\box27
\big@size=\dimen107
LaTeX Font Info:    Redeclaring font encoding OML on input line 634.
LaTeX Font Info:    Redeclaring font encoding OMS on input line 635.
\macc@depth=\count94
\c@MaxMatrixCols=\count95
\dotsspace@=\muskip10
\c@parentequation=\count96
\dspbrk@lvl=\count97
\tag@help=\toks17
\row@=\count98
\column@=\count99
\maxfields@=\count100
\andhelp@=\toks18
\eqnshift@=\dimen108
\alignsep@=\dimen109
\tagshift@=\dimen110
\tagwidth@=\dimen111
\totwidth@=\dimen112
\lineht@=\dimen113
\@envbody=\toks19
\multlinegap=\skip44
\multlinetaggap=\skip45
\mathdisplay@stack=\toks20
LaTeX Info: Redefining \[ on input line 2739.
LaTeX Info: Redefining \] on input line 2740.
)
(/usr/share/texlive/texmf-dist/tex/latex/tools/array.sty
Package: array 2014/10/28 v2.4c Tabular extension package (FMi)
\col@sep=\dimen114
\extrarowheight=\dimen115
\NC@list=\toks21
\extratabsurround=\skip46
\backup@length=\skip47
)
(/usr/share/texlive/texmf-dist/tex/latex/epigraph/epigraph.sty
Package: epigraph 2009/09/02 v1.5c typesetting epigraphs
\beforeepigraphskip=\skip48
\afterepigraphskip=\skip49
\epigraphwidth=\skip50
\epigraphrule=\skip51
)
(/usr/share/texlive/texmf-dist/tex/latex/caption/caption.sty
Package: caption 2016/02/21 v3.3-144 Customizing captions (AR)

(/usr/share/texlive/texmf-dist/tex/latex/caption/caption3.sty
Package: caption3 2016/05/22 v1.7-166 caption3 kernel (AR)
Package caption3 Info: TeX engine: e-TeX on input line 67.
\captionmargin=\dimen116
\captionmargin@=\dimen117
\captionwidth=\dimen118
\caption@tempdima=\dimen119
\caption@indent=\dimen120
\caption@parindent=\dimen121
\caption@hangindent=\dimen122
)
\c@ContinuedFloat=\count101
)
(/usr/share/texlive/texmf-dist/tex/latex/listings/listings.sty
\lst@mode=\count102
\lst@gtempboxa=\box28
\lst@token=\toks22
\lst@length=\count103
\lst@currlwidth=\dimen123
\lst@column=\count104
\lst@pos=\count105
\lst@lostspace=\dimen124
\lst@width=\dimen125
\lst@newlines=\count106
\lst@lineno=\count107
\lst@maxwidth=\dimen126

(/usr/share/texlive/texmf-dist/tex/latex/listings/lstmisc.sty
File: lstmisc.sty 2015/06/04 1.6 (Carsten Heinz)
\c@lstnumber=\count108
\lst@skipnumbers=\count109
\lst@framebox=\box29
)
(/usr/share/texlive/texmf-dist/tex/latex/listings/listings.cfg
File: listings.cfg 2015/06/04 1.6 listings configuration
))
Package: listings 2015/06/04 1.6 (Carsten Heinz)

(/usr/share/texlive/texmf-dist/tex/latex/base/makeidx.sty
Package: makeidx 2014/09/29 v1.0m Standard LaTeX package
) (./report.aux)
\openout1 = `report.aux'.

LaTeX Font Info:    Checking defaults for OML/cmm/m/it on input line 18.
LaTeX Font Info:    ... okay on input line 18.
LaTeX Font Info:    Checking defaults for T1/cmr/m/n on input line 18.
LaTeX Font Info:    ... okay on input line 18.
LaTeX Font Info:    Checking defaults for OT1/cmr/m/n on input line 18.
LaTeX Font Info:    ... okay on input line 18.
LaTeX Font Info:    Checking defaults for OMS/cmsy/m/n on input line 18.
LaTeX Font Info:    ... okay on input line 18.
LaTeX Font Info:    Checking defaults for OMX/cmex/m/n on input line 18.
LaTeX Font Info:    ... okay on input line 18.
LaTeX Font Info:    Checking defaults for U/cmr/m/n on input line 18.
LaTeX Font Info:    ... okay on input line 18.

(/usr/share/texlive/texmf-dist/tex/context/base/mkii/supp-pdf.mkii
[Loading MPS to PDF converter (version 2006.09.02).]
\scratchcounter=\count110
\scratchdimen=\dimen127
\scratchbox=\box30
\nofMPsegments=\count111
\nofMParguments=\count112
\everyMPshowfont=\toks23
\MPscratchCnt=\count113
\MPscratchDim=\dimen128
\MPnumerator=\count114
\makeMPintoPDFobject=\count115
\everyMPtoPDFconversion=\toks24
) (/usr/share/texlive/texmf-dist/tex/generic/oberdiek/pdftexcmds.sty
Package: pdftexcmds 2016/05/21 v0.22 Utility functions of pdfTeX for LuaTeX (HO
)

(/usr/share/texlive/texmf-dist/tex/generic/oberdiek/ifluatex.sty
Package: ifluatex 2016/05/16 v1.4 Provides the ifluatex switch (HO)
Package ifluatex Info: LuaTeX not detected.
)
(/usr/share/texlive/texmf-dist/tex/generic/oberdiek/ifpdf.sty
Package: ifpdf 2016/05/14 v3.1 Provides the ifpdf switch
)
Package pdftexcmds Info: LuaTeX not detected.
Package pdftexcmds Info: \pdf@primitive is available.
Package pdftexcmds Info: \pdf@ifprimitive is available.
Package pdftexcmds Info: \pdfdraftmode found.
)
(/usr/share/texlive/texmf-dist/tex/latex/oberdiek/epstopdf-base.sty
Package: epstopdf-base 2016/05/15 v2.6 Base part for package epstopdf

(/usr/share/texlive/texmf-dist/tex/latex/oberdiek/grfext.sty
Package: grfext 2016/05/16 v1.2 Manage graphics extensions (HO)

(/usr/share/texlive/texmf-dist/tex/generic/oberdiek/kvdefinekeys.sty
Package: kvdefinekeys 2016/05/16 v1.4 Define keys (HO)
))
(/usr/share/texlive/texmf-dist/tex/latex/oberdiek/kvoptions.sty
Package: kvoptions 2016/05/16 v3.12 Key value format for package options (HO)

(/usr/share/texlive/texmf-dist/tex/generic/oberdiek/kvsetkeys.sty
Package: kvsetkeys 2016/05/16 v1.17 Key value parser (HO)

(/usr/share/texlive/texmf-dist/tex/generic/oberdiek/etexcmds.sty
Package: etexcmds 2016/05/16 v1.6 Avoid name clashes with e-TeX commands (HO)
Package etexcmds Info: Could not find \expanded.
(etexcmds)             That can mean that you are not using pdfTeX 1.50 or
(etexcmds)             that some package has redefined \expanded.
(etexcmds)             In the latter case, load this package earlier.
)))
Package epstopdf-base Info: Redefining graphics rule for `.eps' on input line 4
38.
Package grfext Info: Graphics extension search list:
(grfext)             [.png,.pdf,.jpg,.mps,.jpeg,.jbig2,.jb2,.PNG,.PDF,.JPG,.JPE
G,.JBIG2,.JB2,.eps]
(grfext)             \AppendGraphicsExtensions on input line 456.

(/usr/share/texlive/texmf-dist/tex/latex/latexconfig/epstopdf-sys.cfg
File: epstopdf-sys.cfg 2010/07/13 v1.3 Configuration of (r)epstopdf for TeX Liv
e
))
Package caption Info: Begin \AtBeginDocument code.
Package caption Info: listings package is loaded.
Package caption Info: End \AtBeginDocument code.
\c@lstlisting=\count116

(./cover.tex

LaTeX Warning: File `logo_epfl_coul.eps' not found on input line 68.

Package epstopdf Info: Source file: <logo_epfl_coul.eps>
(epstopdf)             Output file: <logo_epfl_coul-eps-converted-to.pdf>
(epstopdf)                    date: 2017-12-15 15:19:22
(epstopdf)                    size: 19393 bytes
(epstopdf)             Command: <repstopdf --outfile=logo_epfl_coul-eps-convert
ed-to.pdf logo_epfl_coul.eps>
(epstopdf)             \includegraphics on input line 68.
Package epstopdf Info: Output file is already uptodate.
<logo_epfl_coul-eps-converted-to.pdf, id=1, 353.32pt x 170.6375pt>
File: logo_epfl_coul-eps-converted-to.pdf Graphic file (type pdf)

<use logo_epfl_coul-eps-converted-to.pdf>
Package pdftex.def Info: logo_epfl_coul-eps-converted-to.pdf used on input line
 68.
(pdftex.def)             Requested size: 113.81102pt x 54.96442pt.
LaTeX Font Info:    Try loading font information for U+msa on input line 80.

(/usr/share/texlive/texmf-dist/tex/latex/amsfonts/umsa.fd
File: umsa.fd 2013/01/14 v3.01 AMS symbols A
)
LaTeX Font Info:    Try loading font information for U+msb on input line 80.

(/usr/share/texlive/texmf-dist/tex/latex/amsfonts/umsb.fd
File: umsb.fd 2013/01/14 v3.01 AMS symbols B
)) [1

{/var/lib/texmf/fonts/map/pdftex/updmap/pdftex.map} <./logo_epfl_coul-eps-conve
rted-to.pdf>]
[2

] (./report.toc [3])
\tf@toc=\write3
\openout3 = `report.toc'.

 [4]
Overfull \hbox (3.8167pt too wide) in paragraph at lines 40--40
[]\OT1/cmr/bx/n/12 Proof of per-son-hond to-ken as an anti-Sybil at-tack mech-
 []

[5]
Overfull \hbox (6.88513pt too wide) in paragraph at lines 47--49
\OT1/cmr/m/n/10.95 tributed sys-tems (DEDIS) lab-o-ra-tory at EPFL, on the Skip
chain, a blockchain
 []

[6] [7] <popcontract.pdf, id=34, 700.6175pt x 428.60126pt>
File: popcontract.pdf Graphic file (type pdf)

<use popcontract.pdf>
Package pdftex.def Info: popcontract.pdf used on input line 83.
(pdftex.def)             Requested size: 469.41129pt x 287.16135pt.

Overfull \hbox (109.41129pt too wide) in paragraph at lines 83--84
[][] 
 []


Overfull \hbox (17.0pt too wide) in paragraph at lines 82--86
[]$[]$ 
 []

[8 <./popcontract.pdf>] <fsm.pdf, id=50, 722.7pt x 542.025pt>
File: fsm.pdf Graphic file (type pdf)
 <use fsm.pdf>
Package pdftex.def Info: fsm.pdf used on input line 91.
(pdftex.def)             Requested size: 484.20648pt x 363.15486pt.

Overfull \hbox (124.20648pt too wide) in paragraph at lines 91--92
[][] 
 []


Overfull \hbox (17.0pt too wide) in paragraph at lines 90--94
[]$[]$ 
 []

[9 <./fsm.pdf>]
Underfull \hbox (badness 10000) in paragraph at lines 110--118

 []

[10]
Overfull \hbox (0.18953pt too wide) in paragraph at lines 136--136
[]\OT1/cmr/bx/n/14.4 Theoretical and prac-ti-cal lim-i-ta-tions of the im-
 []


Overfull \hbox (83.2147pt too wide) has occurred while \output is active
\OT1/cmr/m/sl/10.95 0.5.  THEORETICAL AND PRACTICAL LIMITATIONS OF THE IMPLEMEN
TATION. \OT1/cmr/m/n/10.95 11
 []

[11] [12]
Overfull \hbox (16.8325pt too wide) in paragraph at lines 166--167
\OT1/cmr/m/n/10.95 func-tion that would fetch each of those pa-ram-e-ters on a 
rep-utable website/block-
 []

[13] [14]
Overfull \hbox (59.6542pt too wide) in paragraph at lines 210--210
[]\OT1/cmtt/m/n/10.95 ./popcontract org link "your private key" "your/path/to/g
eth.ipc" "nonce"[] 
 []


Overfull \hbox (19.41339pt too wide) in paragraph at lines 222--222
[]\OT1/cmtt/m/n/10.95 "3cbae7acc1663d7278bb196eb2fad7aecf465e1560bffc6857d77ed7
2789a1a3"[] 
 []


Overfull \hbox (25.16208pt too wide) in paragraph at lines 222--222
[]\OT1/cmtt/m/n/10.95 Successfully linked with : 8347ef6797a784b852021d6806f454
affb21e2a3[] 
 []


Overfull \hbox (7.91602pt too wide) in paragraph at lines 222--222
[]\OT1/cmtt/m/n/10.95 0e7b84f11d38612cf1acf6a57df03af0beadb66a546e267aad2e1ede0
04ad3f1[] 
 []


Overfull \hbox (71.15158pt too wide) in paragraph at lines 231--231
[]\OT1/cmtt/m/n/10.95 fullhash=0x0e7b84f11d38612cf1acf6a57df03af0beadb66a546e26
7aad2e1ede004ad3f1[] 
 []

<blockexplorer.jpg, id=82, 1150.2975pt x 808.01875pt>
File: blockexplorer.jpg Graphic file (type jpg)
 <use blockexplorer.jpg>
Package pdftex.def Info: blockexplorer.jpg used on input line 236.
(pdftex.def)             Requested size: 437.1176pt x 307.05032pt.

Overfull \hbox (77.1176pt too wide) in paragraph at lines 236--237
 [] 
 []


Underfull \vbox (badness 3690) has occurred while \output is active []

 [15]
Overfull \hbox (30.91077pt too wide) in paragraph at lines 251--251
[]\OT1/cmtt/m/n/10.95 OrganizersAddresses = ["0x286485b3026d5d817f1f444060516b4
39b13dd2b"][] 
 []

[16 <./blockexplorer.jpg>] [17]
Overfull \hbox (15.95045pt too wide) in paragraph at lines 286--287
\OT1/cmr/m/n/10.95 Pseudonym Par-ties: An Of-fline Foun-da-tion for On-line Ac-
count-able Pseudonyms 
 []


Underfull \hbox (badness 10000) in paragraph at lines 286--287

 []


Underfull \hbox (badness 10000) in paragraph at lines 288--289

 []

[18] (./report.aux) ) 
Here is how much of TeX's memory you used:
 4830 strings out of 494945
 70911 string characters out of 6181031
 132297 words of memory out of 5000000
 8052 multiletter control sequences out of 15000+600000
 13239 words of font info for 51 fonts, out of 8000000 for 9000
 14 hyphenation exceptions out of 8191
 40i,15n,39p,815b,316s stack positions out of 5000i,500n,10000p,200000b,80000s
</usr/share/texlive/texmf-dist/fonts/type1/public/amsfonts
/cm/cmbx10.pfb></usr/share/texlive/texmf-dist/fonts/type1/public/amsfonts/cm/cm
bx12.pfb></usr/share/texlive/texmf-dist/fonts/type1/public/amsfonts/cm/cmr10.pf
b></usr/share/texlive/texmf-dist/fonts/type1/public/amsfonts/cm/cmr12.pfb></usr
/share/texlive/texmf-dist/fonts/type1/public/amsfonts/cm/cmr17.pfb></usr/share/
texlive/texmf-dist/fonts/type1/public/amsfonts/cm/cmsl10.pfb></usr/share/texliv
e/texmf-dist/fonts/type1/public/amsfonts/cm/cmtt10.pfb>
Output written on report.pdf (18 pages, 299141 bytes).
PDF statistics:
 121 PDF objects out of 1000 (max. 8388607)
 83 compressed objects within 1 object stream
 0 named destinations out of 1000 (max. 500000)
 21 words of extra memory for PDF output out of 10000 (max. 10000000)

